<?xml version="1.0" encoding="UTF-8"?>
<testsuite xmlns:xsi="http://www.w3.org/2001/XMLSchema-instance" xsi:noNamespaceSchemaLocation="https://maven.apache.org/surefire/maven-surefire-plugin/xsd/surefire-test-report-3.0.xsd" version="3.0" name="com.empresa.concurso.integration.CandidatoIntegrationTest" time="6.782" tests="7" errors="0" skipped="0" failures="0">
  <properties>
[...]
</properties>
  <testcase name="deveBuscarCandidatoPorId" classname="com.empresa.concurso.integration.CandidatoIntegrationTest" time="0.896">
    <system-out><![CDATA[16:50:29.797 [main] INFO org.springframework.test.context.support.AnnotationConfigContextLoaderUtils -- Could not detect default configuration classes for test class [com.empresa.concurso.integration.CandidatoIntegrationTest]: CandidatoIntegrationTest does not declare any static, non-private, non-final, nested classes annotated with @Configuration.
16:50:29.933 [main] INFO org.springframework.boot.test.context.SpringBootTestContextBootstrapper -- Found @SpringBootConfiguration com.empresa.concurso.ConcursoApplication for test class com.empresa.concurso.integration.CandidatoIntegrationTest
16:50:30.152 [main] INFO org.springframework.boot.devtools.restart.RestartApplicationListener -- Restart disabled due to context in which it is running

  .   ____          _            __ _ _
 /\\ / ___'_ __ _ _(_)_ __  __ _ \ \ \ \
( ( )\___ | '_ | '_| | '_ \/ _` | \ \ \ \
 \\/  ___)| |_)| | | | | || (_| |  ) ) ) )
  '  |____| .__|_| |_|_| |_\__, | / / / /
 =========|_|==============|___/=/_/_/_/
 :: Spring Boot ::                (v3.2.0)

2026-01-01 16:50:30 - Starting CandidatoIntegrationTest using Java 21.0.8 with PID 25796 (started by vitux in C:\Users\vitux\Desktop\cadastro-concurso)
2026-01-01 16:50:30 - Running with Spring Boot v3.2.0, Spring v6.1.1
2026-01-01 16:50:30 - The following 1 profile is active: "test"
2026-01-01 16:50:31 - Bootstrapping Spring Data JPA repositories in DEFAULT mode.
2026-01-01 16:50:31 - Finished Spring Data repository scanning in 75 ms. Found 1 JPA repository interface.
2026-01-01 16:50:32 - HHH000204: Processing PersistenceUnitInfo [name: default]
2026-01-01 16:50:32 - HHH000412: Hibernate ORM core version 6.3.1.Final
2026-01-01 16:50:32 - HHH000026: Second-level cache disabled
2026-01-01 16:50:32 - No LoadTimeWeaver setup: ignoring JPA class transformer
2026-01-01 16:50:32 - HikariPool-1 - Starting...
2026-01-01 16:50:32 - HikariPool-1 - Added connection conn0: url=jdbc:h2:mem:concursodb user=SA
2026-01-01 16:50:32 - HikariPool-1 - Start completed.
2026-01-01 16:50:33 - HHH90000025: H2Dialect does not need to be specified explicitly using 'hibernate.dialect' (remove the property setting and it will be selected by default)
2026-01-01 16:50:33 - HHH000489: No JTA platform available (set 'hibernate.transaction.jta.platform' to enable JTA platform integration)
2026-01-01 16:50:33 - 
    drop table if exists candidato_concursos cascade 
2026-01-01 16:50:33 - 
    drop table if exists candidatos cascade 
2026-01-01 16:50:33 - 
    create table candidato_concursos (
        candidato_id bigint not null,
        concurso varchar(200)
    )
2026-01-01 16:50:33 - 
    create table candidatos (
        criado_em timestamp(6) not null,
        id bigint generated by default as identity,
        telefone varchar(15) not null,
        email varchar(100) not null unique,
        nome varchar(100) not null,
        imagem_filename varchar(255) not null,
        primary key (id)
    )
2026-01-01 16:50:33 - 
    create index idx_email 
       on candidatos (email)
2026-01-01 16:50:33 - 
    create index idx_criado_em 
       on candidatos (criado_em)
2026-01-01 16:50:33 - 
    alter table if exists candidato_concursos 
       add constraint FK71srprj615l3o7llam58fuww2 
       foreign key (candidato_id) 
       references candidatos
2026-01-01 16:50:33 - Initialized JPA EntityManagerFactory for persistence unit 'default'
2026-01-01 16:50:34 - spring.jpa.open-in-view is enabled by default. Therefore, database queries may be performed during view rendering. Explicitly configure spring.jpa.open-in-view to disable this warning
2026-01-01 16:50:34 - Adding welcome page: class path resource [static/index.html]
2026-01-01 16:50:35 - H2 console available at '/h2-console'. Database available at 'jdbc:h2:mem:concursodb'
2026-01-01 16:50:35 - Initializing Spring TestDispatcherServlet ''
2026-01-01 16:50:35 - Initializing Servlet ''
2026-01-01 16:50:35 - Completed initialization in 1 ms
2026-01-01 16:50:35 - Started CandidatoIntegrationTest in 5.022 seconds (process running for 6.317)
2026-01-01 16:50:35 - 
    /* <criteria> */ select
        c1_0.id,
        c1_0.criado_em,
        c1_0.email,
        c1_0.imagem_filename,
        c1_0.nome,
        c1_0.telefone 
    from
        candidatos c1_0
2026-01-01 16:50:35 - 
    /* insert for
        com.empresa.concurso.model.Candidato */insert 
    into
        candidatos (criado_em, email, imagem_filename, nome, telefone, id) 
    values
        (?, ?, ?, ?, ?, default)
2026-01-01 16:50:35 - 
    /* insert for
        com.empresa.concurso.model.Candidato.concursosAprovados */insert 
    into
        candidato_concursos (candidato_id, concurso) 
    values
        (?, ?)
2026-01-01 16:50:35 - Buscando candidato com ID: 1
2026-01-01 16:50:35 - 
    select
        c1_0.id,
        c1_0.criado_em,
        c1_0.email,
        c1_0.imagem_filename,
        c1_0.nome,
        c1_0.telefone,
        ca1_0.candidato_id,
        ca1_0.concurso 
    from
        candidatos c1_0 
    left join
        candidato_concursos ca1_0 
            on c1_0.id=ca1_0.candidato_id 
    where
        c1_0.id=?
]]></system-out>
    <system-err><![CDATA[WARNING: A Java agent has been loaded dynamically (C:\Users\vitux\.m2\repository\net\bytebuddy\byte-buddy-agent\1.14.10\byte-buddy-agent-1.14.10.jar)
WARNING: If a serviceability tool is in use, please run with -XX:+EnableDynamicAgentLoading to hide this warning
WARNING: If a serviceability tool is not in use, please run with -Djdk.instrument.traceUsage for more information
WARNING: Dynamic loading of agents will be disallowed by default in a future release
]]></system-err>
  </testcase>
  <testcase name="deveRetornar400QuandoDadosInvalidos" classname="com.empresa.concurso.integration.CandidatoIntegrationTest" time="0.104">
    <system-out><![CDATA[2026-01-01 16:50:36 - 
    /* <criteria> */ select
        c1_0.id,
        c1_0.criado_em,
        c1_0.email,
        c1_0.imagem_filename,
        c1_0.nome,
        c1_0.telefone 
    from
        candidatos c1_0
2026-01-01 16:50:36 - 
    select
        ca1_0.candidato_id,
        ca1_0.concurso 
    from
        candidato_concursos ca1_0 
    where
        ca1_0.candidato_id=?
2026-01-01 16:50:36 - 
    /* one-shot delete for com.empresa.concurso.model.Candidato.concursosAprovados */delete 
    from
        candidato_concursos 
    where
        candidato_id=?
2026-01-01 16:50:36 - 
    /* delete for com.empresa.concurso.model.Candidato */delete 
    from
        candidatos 
    where
        id=?
2026-01-01 16:50:36 - Erro de validação: {telefone=Telefone deve conter 10 ou 11 dígitos numéricos, concursos=Concursos aprovados são obrigatórios, nome=Nome deve ter entre 3 e 100 caracteres, email=Email inválido}
]]></system-out>
  </testcase>
  <testcase name="deveRetornar409QuandoEmailDuplicado" classname="com.empresa.concurso.integration.CandidatoIntegrationTest" time="0.075">
    <system-out><![CDATA[2026-01-01 16:50:36 - 
    /* <criteria> */ select
        c1_0.id,
        c1_0.criado_em,
        c1_0.email,
        c1_0.imagem_filename,
        c1_0.nome,
        c1_0.telefone 
    from
        candidatos c1_0
2026-01-01 16:50:36 - 
    /* insert for
        com.empresa.concurso.model.Candidato */insert 
    into
        candidatos (criado_em, email, imagem_filename, nome, telefone, id) 
    values
        (?, ?, ?, ?, ?, default)
2026-01-01 16:50:36 - 
    /* insert for
        com.empresa.concurso.model.Candidato.concursosAprovados */insert 
    into
        candidato_concursos (candidato_id, concurso) 
    values
        (?, ?)
2026-01-01 16:50:36 - Recebendo requisição de cadastro para: joao@email.com
2026-01-01 16:50:36 - Iniciando processo de cadastro para email: joao@email.com
2026-01-01 16:50:36 - 
    /* <criteria> */ select
        c1_0.id 
    from
        candidatos c1_0 
    where
        c1_0.email=? 
    fetch
        first ? rows only
2026-01-01 16:50:36 - Tentativa de cadastro com email duplicado: joao@email.com
2026-01-01 16:50:36 - Email duplicado: Email já cadastrado no sistema
]]></system-out>
  </testcase>
  <testcase name="deveListarTodosOsCandidatos" classname="com.empresa.concurso.integration.CandidatoIntegrationTest" time="0.037">
    <system-out><![CDATA[2026-01-01 16:50:36 - 
    /* <criteria> */ select
        c1_0.id,
        c1_0.criado_em,
        c1_0.email,
        c1_0.imagem_filename,
        c1_0.nome,
        c1_0.telefone 
    from
        candidatos c1_0
2026-01-01 16:50:36 - 
    select
        ca1_0.candidato_id,
        ca1_0.concurso 
    from
        candidato_concursos ca1_0 
    where
        ca1_0.candidato_id=?
2026-01-01 16:50:36 - 
    /* one-shot delete for com.empresa.concurso.model.Candidato.concursosAprovados */delete 
    from
        candidato_concursos 
    where
        candidato_id=?
2026-01-01 16:50:36 - 
    /* delete for com.empresa.concurso.model.Candidato */delete 
    from
        candidatos 
    where
        id=?
2026-01-01 16:50:36 - 
    /* insert for
        com.empresa.concurso.model.Candidato */insert 
    into
        candidatos (criado_em, email, imagem_filename, nome, telefone, id) 
    values
        (?, ?, ?, ?, ?, default)
2026-01-01 16:50:36 - 
    /* insert for
        com.empresa.concurso.model.Candidato.concursosAprovados */insert 
    into
        candidato_concursos (candidato_id, concurso) 
    values
        (?, ?)
2026-01-01 16:50:36 - 
    /* insert for
        com.empresa.concurso.model.Candidato */insert 
    into
        candidatos (criado_em, email, imagem_filename, nome, telefone, id) 
    values
        (?, ?, ?, ?, ?, default)
2026-01-01 16:50:36 - 
    /* insert for
        com.empresa.concurso.model.Candidato.concursosAprovados */insert 
    into
        candidato_concursos (candidato_id, concurso) 
    values
        (?, ?)
2026-01-01 16:50:36 - Listando todos os candidatos
2026-01-01 16:50:36 - 
    /* <criteria> */ select
        c1_0.id,
        c1_0.criado_em,
        c1_0.email,
        c1_0.imagem_filename,
        c1_0.nome,
        c1_0.telefone 
    from
        candidatos c1_0
2026-01-01 16:50:36 - 
    select
        ca1_0.candidato_id,
        ca1_0.concurso 
    from
        candidato_concursos ca1_0 
    where
        ca1_0.candidato_id=?
2026-01-01 16:50:36 - 
    select
        ca1_0.candidato_id,
        ca1_0.concurso 
    from
        candidato_concursos ca1_0 
    where
        ca1_0.candidato_id=?
]]></system-out>
  </testcase>
  <testcase name="deveRetornar404QuandoNaoEncontrado" classname="com.empresa.concurso.integration.CandidatoIntegrationTest" time="0.02">
    <system-out><![CDATA[2026-01-01 16:50:36 - 
    /* <criteria> */ select
        c1_0.id,
        c1_0.criado_em,
        c1_0.email,
        c1_0.imagem_filename,
        c1_0.nome,
        c1_0.telefone 
    from
        candidatos c1_0
2026-01-01 16:50:36 - 
    select
        ca1_0.candidato_id,
        ca1_0.concurso 
    from
        candidato_concursos ca1_0 
    where
        ca1_0.candidato_id=?
2026-01-01 16:50:36 - 
    select
        ca1_0.candidato_id,
        ca1_0.concurso 
    from
        candidato_concursos ca1_0 
    where
        ca1_0.candidato_id=?
2026-01-01 16:50:36 - 
    /* one-shot delete for com.empresa.concurso.model.Candidato.concursosAprovados */delete 
    from
        candidato_concursos 
    where
        candidato_id=?
2026-01-01 16:50:36 - 
    /* one-shot delete for com.empresa.concurso.model.Candidato.concursosAprovados */delete 
    from
        candidato_concursos 
    where
        candidato_id=?
2026-01-01 16:50:36 - 
    /* delete for com.empresa.concurso.model.Candidato */delete 
    from
        candidatos 
    where
        id=?
2026-01-01 16:50:36 - 
    /* delete for com.empresa.concurso.model.Candidato */delete 
    from
        candidatos 
    where
        id=?
2026-01-01 16:50:36 - Buscando candidato com ID: 999
2026-01-01 16:50:36 - 
    select
        c1_0.id,
        c1_0.criado_em,
        c1_0.email,
        c1_0.imagem_filename,
        c1_0.nome,
        c1_0.telefone,
        ca1_0.candidato_id,
        ca1_0.concurso 
    from
        candidatos c1_0 
    left join
        candidato_concursos ca1_0 
            on c1_0.id=ca1_0.candidato_id 
    where
        c1_0.id=?
]]></system-out>
  </testcase>
  <testcase name="deveRetornarHealthOk" classname="com.empresa.concurso.integration.CandidatoIntegrationTest" time="0.012">
    <system-out><![CDATA[2026-01-01 16:50:36 - 
    /* <criteria> */ select
        c1_0.id,
        c1_0.criado_em,
        c1_0.email,
        c1_0.imagem_filename,
        c1_0.nome,
        c1_0.telefone 
    from
        candidatos c1_0
]]></system-out>
  </testcase>
  <testcase name="devecriarCandidatoComSucesso" classname="com.empresa.concurso.integration.CandidatoIntegrationTest" time="0.028">
    <system-out><![CDATA[2026-01-01 16:50:36 - 
    /* <criteria> */ select
        c1_0.id,
        c1_0.criado_em,
        c1_0.email,
        c1_0.imagem_filename,
        c1_0.nome,
        c1_0.telefone 
    from
        candidatos c1_0
2026-01-01 16:50:36 - Recebendo requisição de cadastro para: joao@email.com
2026-01-01 16:50:36 - Iniciando processo de cadastro para email: joao@email.com
2026-01-01 16:50:36 - 
    /* <criteria> */ select
        c1_0.id 
    from
        candidatos c1_0 
    where
        c1_0.email=? 
    fetch
        first ? rows only
2026-01-01 16:50:36 - Imagem validada: tipo=image/jpeg, tamanho=0KB
2026-01-01 16:50:36 - Arquivo salvo: foto.jpg -> 20443fe4-a1d5-4233-bba2-85b790810b74.jpg
2026-01-01 16:50:36 - Imagem salva com nome: 20443fe4-a1d5-4233-bba2-85b790810b74.jpg
2026-01-01 16:50:36 - 
    /* insert for
        com.empresa.concurso.model.Candidato */insert 
    into
        candidatos (criado_em, email, imagem_filename, nome, telefone, id) 
    values
        (?, ?, ?, ?, ?, default)
2026-01-01 16:50:36 - Candidato persistido com ID: 5
2026-01-01 16:50:36 - 
    /* insert for
        com.empresa.concurso.model.Candidato.concursosAprovados */insert 
    into
        candidato_concursos (candidato_id, concurso) 
    values
        (?, ?)
2026-01-01 16:50:36 - 
    /* insert for
        com.empresa.concurso.model.Candidato.concursosAprovados */insert 
    into
        candidato_concursos (candidato_id, concurso) 
    values
        (?, ?)
2026-01-01 16:50:36 - Candidato joao@email.com cadastrado com sucesso. ID: 5
]]></system-out>
  </testcase>
</testsuite>